0000000000601054 B __bss_start
0000000000601170 b completed.6355
                 U __cxa_atexit@@GLIBC_2.2.5
0000000000601050 D __data_start
0000000000601050 W data_start
0000000000400700 t deregister_tm_clones
0000000000400770 t __do_global_dtors_aux
0000000000600de8 t __do_global_dtors_aux_fini_array_entry
00000000004008d8 R __dso_handle
0000000000600df8 d _DYNAMIC
0000000000601054 D _edata
0000000000601178 B _end
00000000004008c4 T _fini
0000000000400790 t frame_dummy
0000000000600dd8 t __frame_dummy_init_array_entry
0000000000400a60 r __FRAME_END__
0000000000601000 d _GLOBAL_OFFSET_TABLE_
000000000040082c t _GLOBAL__sub_I_main
                 w __gmon_start__
00000000004008e8 r __GNU_EH_FRAME_HDR
0000000000400620 T _init
0000000000600de8 t __init_array_end
0000000000600dd8 t __init_array_start
00000000004008d0 R _IO_stdin_used
0000000000600df0 d __JCR_END__
0000000000600df0 d __JCR_LIST__
00000000004008c0 T __libc_csu_fini
0000000000400850 T __libc_csu_init
                 U __libc_start_main@@GLIBC_2.2.5
00000000004007bd T main
0000000000400730 t register_tm_clones
00000000004006d0 T _start
0000000000601058 D __TMC_END__
00000000004007ef t _Z41__static_initialization_and_destruction_0ii
                 U _ZNSolsEPFRSoS_E@@GLIBCXX_3.4
                 U _ZNSt8ios_base4InitC1Ev@@GLIBCXX_3.4
                 U _ZNSt8ios_base4InitD1Ev@@GLIBCXX_3.4
0000000000601060 B _ZSt4cout@@GLIBCXX_3.4
                 U _ZSt4endlIcSt11char_traitsIcEERSt13basic_ostreamIT_T0_ES6_@@GLIBCXX_3.4
0000000000601171 b _ZStL8__ioinit
                 U _ZStlsISt11char_traitsIcEERSt13basic_ostreamIcT_ES5_PKc@@GLIBCXX_3.4
